File: /home/ilyaytrewq/Documents/projects/KasperkyTestTask/src/VirusScaner.cpp hash: 00d8e54856fde87c31cc584e76eb1b23 verdict: clean
File: /home/ilyaytrewq/Documents/projects/KasperkyTestTask/src/TimeGuard.cpp hash: fd0a74d711f9806e790a93fa8f23c707 verdict: clean
File: /home/ilyaytrewq/Documents/projects/KasperkyTestTask/.vscode/tasks.json hash: acedba0d851ab90aaab68903e3983734 verdict: clean
File: /home/ilyaytrewq/Documents/projects/KasperkyTestTask/.vscode/launch.json hash: 0c146b8b9f4867928ec1d40c99bbcf2e verdict: clean
File: /home/ilyaytrewq/Documents/projects/KasperkyTestTask/.vscode/settings.json hash: b8dd9b149942461b61659145e3e3d53c verdict: clean
File: /home/ilyaytrewq/Documents/projects/KasperkyTestTask/build/bin/scanner hash: 49239c5c8c46e68564b050e62ef23ee0 verdict: clean
File: /home/ilyaytrewq/Documents/projects/KasperkyTestTask/build/Makefile hash: 0bb46131af47e4e72f76c3da158fa351 verdict: clean
File: /home/ilyaytrewq/Documents/projects/KasperkyTestTask/build/.cmake/api/v1/query/client-vscode/query.json hash: 919acb39c1e7dda5de22e4b1ad999042 verdict: clean
File: /home/ilyaytrewq/Documents/projects/KasperkyTestTask/build/.cmake/api/v1/reply/cache-v2-661c772d727de8359f72.json hash: 5a9a8134ec67b0df47e7874fe0ea79d7 verdict: clean
File: /home/ilyaytrewq/Documents/projects/KasperkyTestTask/build/.cmake/api/v1/reply/toolchains-v1-ee793ea44d57a62b2395.json hash: 3b7a1b6c3ebd49d5e12bd1927307ef82 verdict: clean
File: /home/ilyaytrewq/Documents/projects/KasperkyTestTask/build/.cmake/api/v1/reply/codemodel-v2-90b005b7d4f7cd5f1765.json hash: b67f2670ba00136f3784576a9692f5bb verdict: clean
File: /home/ilyaytrewq/Documents/projects/KasperkyTestTask/build/.cmake/api/v1/reply/cmakeFiles-v1-131c72afb0eeb1a84cfb.json hash: 0e6c4cbde5e285e198edd3f5e63bf831 verdict: clean
File: /home/ilyaytrewq/Documents/projects/KasperkyTestTask/build/.cmake/api/v1/reply/index-2025-09-19T14-32-19-0328.json hash: dee57e4d1487d72c7a00f8e777f735f9 verdict: clean
File: /home/ilyaytrewq/Documents/projects/KasperkyTestTask/build/.cmake/api/v1/reply/directory-.-Debug-f5ebdc15457944623624.json hash: 75530bf7d3582c583c49d627c76aa8d1 verdict: clean
File: /home/ilyaytrewq/Documents/projects/KasperkyTestTask/build/.cmake/api/v1/reply/target-scanner-Debug-7d1498e787c58b707f66.json hash: bee7299c10cc0aaa477e7e3669be1a46 verdict: clean
File: /home/ilyaytrewq/Documents/projects/KasperkyTestTask/build/cmake_install.cmake hash: 2543272244cb8ff942eb1799d99c94dc verdict: clean
File: /home/ilyaytrewq/Documents/projects/KasperkyTestTask/build/CMakeCache.txt hash: aa67efb43955962e91c468faa2f884f9 verdict: clean
File: /home/ilyaytrewq/Documents/projects/KasperkyTestTask/build/CMakeFiles/Makefile.cmake hash: c4f77a63c2b58656a4d279313e91824c verdict: clean
File: /home/ilyaytrewq/Documents/projects/KasperkyTestTask/build/CMakeFiles/cmake.check_cache hash: 448d8050798441c3c0911462399ba145 verdict: clean
File: /home/ilyaytrewq/Documents/projects/KasperkyTestTask/build/CMakeFiles/CMakeDirectoryInformation.cmake hash: f0a0ed4f49fad86c34ea4289d61e0464 verdict: clean
File: /home/ilyaytrewq/Documents/projects/KasperkyTestTask/build/CMakeFiles/3.28.3/CompilerIdCXX/CMakeCXXCompilerId.cpp hash: 2158f47fcbe8ab9f8af9e8d824405249 verdict: clean
File: /home/ilyaytrewq/Documents/projects/KasperkyTestTask/build/CMakeFiles/3.28.3/CompilerIdCXX/a.out hash: 0201537acb2d684cb70795e0a3d6d3ac verdict: clean
File: /home/ilyaytrewq/Documents/projects/KasperkyTestTask/build/CMakeFiles/3.28.3/CMakeSystem.cmake hash: 84f47eb87baf8cc82ab638e1def8ec0e verdict: clean
File: /home/ilyaytrewq/Documents/projects/KasperkyTestTask/build/CMakeFiles/3.28.3/CMakeCXXCompiler.cmake hash: ff69e78611150c9de77b90bfedb158c2 verdict: clean
File: /home/ilyaytrewq/Documents/projects/KasperkyTestTask/build/CMakeFiles/3.28.3/CMakeDetermineCompilerABI_CXX.bin hash: 0c63ca5cd50400d2618d30317f0d8ca3 verdict: clean
File: /home/ilyaytrewq/Documents/projects/KasperkyTestTask/build/CMakeFiles/3.28.3/CompilerIdC/CMakeCCompilerId.c hash: 1cbb78ba054c464b110c5ea797d237e2 verdict: clean
File: /home/ilyaytrewq/Documents/projects/KasperkyTestTask/build/CMakeFiles/3.28.3/CompilerIdC/a.out hash: 962790a21868df35f7e74856b8bbf6bf verdict: clean
File: /home/ilyaytrewq/Documents/projects/KasperkyTestTask/build/CMakeFiles/3.28.3/CMakeCCompiler.cmake hash: 671c33842dc319d26873d1584fe5181b verdict: clean
File: /home/ilyaytrewq/Documents/projects/KasperkyTestTask/build/CMakeFiles/3.28.3/CMakeDetermineCompilerABI_C.bin hash: dd8be4e6ddb1e67b08688da890fccd05 verdict: clean
File: /home/ilyaytrewq/Documents/projects/KasperkyTestTask/build/CMakeFiles/Makefile2 hash: 9338572c824c70ad839bbf1716963d15 verdict: clean
File: /home/ilyaytrewq/Documents/projects/KasperkyTestTask/build/CMakeFiles/scanner.dir/cmake_clean.cmake hash: b92a1a8e5ab16ec1d3cd21357b4b5c44 verdict: clean
File: /home/ilyaytrewq/Documents/projects/KasperkyTestTask/build/CMakeFiles/scanner.dir/compiler_depend.internal hash: c15e59bfb207c0492eac9ff249668870 verdict: clean
File: /home/ilyaytrewq/Documents/projects/KasperkyTestTask/build/CMakeFiles/scanner.dir/src/VirusScaner.cpp.o.d hash: df5b174baf5b9554b56cfafaacdad24d verdict: clean
File: /home/ilyaytrewq/Documents/projects/KasperkyTestTask/build/CMakeFiles/scanner.dir/src/TimeGuard.cpp.o hash: 3b60f979482c9461c7ebf77fb919381e verdict: clean
File: /home/ilyaytrewq/Documents/projects/KasperkyTestTask/build/CMakeFiles/scanner.dir/src/VirusScaner.cpp.o hash: 97e52fa9d9af76b346e5af1a7c6bbe7f verdict: clean
File: /home/ilyaytrewq/Documents/projects/KasperkyTestTask/build/CMakeFiles/scanner.dir/src/TimeGuard.cpp.o.d hash: ee92e46061528e1d75ed855542bcffb9 verdict: clean
File: /home/ilyaytrewq/Documents/projects/KasperkyTestTask/build/CMakeFiles/scanner.dir/progress.make hash: d4e903e240ad5cae582b88ab4ebaa347 verdict: clean
File: /home/ilyaytrewq/Documents/projects/KasperkyTestTask/build/CMakeFiles/scanner.dir/scanner.cpp.o.d hash: 16e4bb2abe3fd832ff0335d2f4f156ce verdict: clean
File: /home/ilyaytrewq/Documents/projects/KasperkyTestTask/build/CMakeFiles/scanner.dir/compiler_depend.make hash: a53979eadf152cba4fdebb238c8beaf9 verdict: clean
File: /home/ilyaytrewq/Documents/projects/KasperkyTestTask/build/CMakeFiles/scanner.dir/compiler_depend.ts hash: c3d9ce13ec99418d8c11b2c8f2e846b6 verdict: clean
File: /home/ilyaytrewq/Documents/projects/KasperkyTestTask/build/CMakeFiles/scanner.dir/DependInfo.cmake hash: 0871053e463aabc7819170c6c7c02de0 verdict: clean
File: /home/ilyaytrewq/Documents/projects/KasperkyTestTask/build/CMakeFiles/scanner.dir/scanner.cpp.o hash: 3fbed7aa383d34005f01fddfb879ebc8 verdict: clean
File: /home/ilyaytrewq/Documents/projects/KasperkyTestTask/build/CMakeFiles/scanner.dir/depend.make hash: 4fa9173ea3e4fac497dafb722adde4b1 verdict: clean
File: /home/ilyaytrewq/Documents/projects/KasperkyTestTask/build/CMakeFiles/scanner.dir/build.make hash: 85852888951b50f12b36562292678007 verdict: clean
File: /home/ilyaytrewq/Documents/projects/KasperkyTestTask/build/CMakeFiles/scanner.dir/link.txt hash: 30fe360f92f628b9e7f546fbfc5e59e9 verdict: clean
File: /home/ilyaytrewq/Documents/projects/KasperkyTestTask/build/CMakeFiles/scanner.dir/flags.make hash: 244d06f0b3d7c4b8e29ae580d0668e1e verdict: clean
File: /home/ilyaytrewq/Documents/projects/KasperkyTestTask/build/CMakeFiles/progress.marks hash: 48a24b70a0b376535542b996af517398 verdict: clean
File: /home/ilyaytrewq/Documents/projects/KasperkyTestTask/build/CMakeFiles/TargetDirectories.txt hash: b5213f14d2ee18d1a5a95d47c2914c86 verdict: clean
File: /home/ilyaytrewq/Documents/projects/KasperkyTestTask/build/CMakeFiles/CMakeConfigureLog.yaml hash: 1f1c14b63da0b9575dafa52461898bb5 verdict: clean
File: /home/ilyaytrewq/Documents/projects/KasperkyTestTask/build/compile_commands.json hash: 719df3d43d0536a1527cfeff47a5cb91 verdict: clean
File: /home/ilyaytrewq/Documents/projects/KasperkyTestTask/.idea/workspace.xml hash: ba3dd5a09f634661c8b4d91be7721d00 verdict: clean
File: /home/ilyaytrewq/Documents/projects/KasperkyTestTask/.idea/editor.xml hash: 15d213c4e0f92b891eb82ce5800b7627 verdict: clean
File: /home/ilyaytrewq/Documents/projects/KasperkyTestTask/.idea/KasperkyTestTask.iml hash: 3a8c639842949752cf85219b8aa4b73c verdict: clean
File: /home/ilyaytrewq/Documents/projects/KasperkyTestTask/.idea/vcs.xml hash: 8c9c0403ab0f6457841c605f08a3340c verdict: clean
File: /home/ilyaytrewq/Documents/projects/KasperkyTestTask/.idea/.gitignore hash: 87b38d3e7e1bdb28950c7e5e4c436887 verdict: clean
File: /home/ilyaytrewq/Documents/projects/KasperkyTestTask/.idea/modules.xml hash: fb03c50e0cdf110cc05aca110000a96e verdict: clean
File: /home/ilyaytrewq/Documents/projects/KasperkyTestTask/.git/COMMIT_EDITMSG hash: 5f384d6ef2ae53a9e028b8918f8db3d0 verdict: clean
File: /home/ilyaytrewq/Documents/projects/KasperkyTestTask/.git/FETCH_HEAD hash: a731910c06ea9b2f66c80502f3df74fc verdict: clean
File: /home/ilyaytrewq/Documents/projects/KasperkyTestTask/.git/logs/HEAD hash: da22adb4f2bed010aac0e80b64616430 verdict: clean
File: /home/ilyaytrewq/Documents/projects/KasperkyTestTask/.git/logs/refs/heads/master hash: da22adb4f2bed010aac0e80b64616430 verdict: clean
File: /home/ilyaytrewq/Documents/projects/KasperkyTestTask/.git/logs/refs/remotes/origin/master hash: a60f07a4fc65d39710a479ab01e2efcf verdict: clean
File: /home/ilyaytrewq/Documents/projects/KasperkyTestTask/.git/logs/refs/remotes/origin/HEAD hash: 45f550fcd816be310c3c373c8d732932 verdict: clean
File: /home/ilyaytrewq/Documents/projects/KasperkyTestTask/.git/ORIG_HEAD hash: e633a1b8309f39b51d01cc90ec13b278 verdict: clean
File: /home/ilyaytrewq/Documents/projects/KasperkyTestTask/.git/index hash: bab5c7ff488609746db6fa1c4718ecde verdict: clean
File: /home/ilyaytrewq/Documents/projects/KasperkyTestTask/.git/config hash: 8ed9740c68406a277b4ab9cbe86f00fe verdict: clean
File: /home/ilyaytrewq/Documents/projects/KasperkyTestTask/.git/description hash: a0a7c3fff21f2aea3cfa1d0316dd816c verdict: clean
File: /home/ilyaytrewq/Documents/projects/KasperkyTestTask/.git/hooks/pre-applypatch.sample hash: 054f9ffb8bfe04a599751cc757226dda verdict: clean
File: /home/ilyaytrewq/Documents/projects/KasperkyTestTask/.git/hooks/push-to-checkout.sample hash: c7ab00c7784efeadad3ae9b228d4b4db verdict: clean
File: /home/ilyaytrewq/Documents/projects/KasperkyTestTask/.git/hooks/prepare-commit-msg.sample hash: 2b5c047bdb474555e1787db32b2d2fc5 verdict: clean
File: /home/ilyaytrewq/Documents/projects/KasperkyTestTask/.git/hooks/pre-receive.sample hash: 2ad18ec82c20af7b5926ed9cea6aeedd verdict: clean
File: /home/ilyaytrewq/Documents/projects/KasperkyTestTask/.git/hooks/post-update.sample hash: 2b7ea5cee3c49ff53d41e00785eb974c verdict: clean
File: /home/ilyaytrewq/Documents/projects/KasperkyTestTask/.git/hooks/pre-commit.sample hash: 305eadbbcd6f6d2567e033ad12aabbc4 verdict: clean
File: /home/ilyaytrewq/Documents/projects/KasperkyTestTask/.git/hooks/pre-push.sample hash: 2c642152299a94e05ea26eae11993b13 verdict: clean
File: /home/ilyaytrewq/Documents/projects/KasperkyTestTask/.git/hooks/update.sample hash: 647ae13c682f7827c22f5fc08a03674e verdict: clean
File: /home/ilyaytrewq/Documents/projects/KasperkyTestTask/.git/hooks/applypatch-msg.sample hash: ce562e08d8098926a3862fc6e7905199 verdict: clean
File: /home/ilyaytrewq/Documents/projects/KasperkyTestTask/.git/hooks/pre-rebase.sample hash: 56e45f2bcbc8226d2b4200f7c46371bf verdict: clean
File: /home/ilyaytrewq/Documents/projects/KasperkyTestTask/.git/hooks/fsmonitor-watchman.sample hash: a0b2633a2c8e97501610bd3f73da66fc verdict: clean
File: /home/ilyaytrewq/Documents/projects/KasperkyTestTask/.git/hooks/commit-msg.sample hash: 579a3c1e12a1e74a98169175fb913012 verdict: clean
File: /home/ilyaytrewq/Documents/projects/KasperkyTestTask/.git/hooks/pre-merge-commit.sample hash: 39cb268e2a85d436b9eb6f47614c3cbc verdict: clean
File: /home/ilyaytrewq/Documents/projects/KasperkyTestTask/.git/hooks/sendemail-validate.sample hash: 4d67df3a8d5c98cb8565c07e42be0b04 verdict: clean
File: /home/ilyaytrewq/Documents/projects/KasperkyTestTask/.git/HEAD hash: 4cf2d64e44205fe628ddd534e1151b58 verdict: clean
File: /home/ilyaytrewq/Documents/projects/KasperkyTestTask/.git/objects/f6/952c9bd119b9850252a10b4ccb8b17629a1b9b hash: 505523953519c4879a13f9bee1b90ef6 verdict: clean
File: /home/ilyaytrewq/Documents/projects/KasperkyTestTask/.git/objects/71/ae0e66c0888c5e75110f6434886ea27dabcaf1 hash: 5ad1f7c8b38a7178aaac856df9c966e3 verdict: clean
File: /home/ilyaytrewq/Documents/projects/KasperkyTestTask/.git/objects/b7/b8915777b652155de37a0ec0c197810a15b5c9 hash: dec226ad3e68b6bc0b7821c4d157a1b0 verdict: clean
File: /home/ilyaytrewq/Documents/projects/KasperkyTestTask/.git/objects/5a/7fe26180fe6782080a903b6b2974d012bad1c6 hash: 68ad991a60f08855aa970cc7e5c89292 verdict: clean
File: /home/ilyaytrewq/Documents/projects/KasperkyTestTask/.git/objects/a4/a32e4ad8f2cbd2182f56250e7024a2160ec16f hash: ca48581df8c615cfedbf40b059ea629e verdict: clean
File: /home/ilyaytrewq/Documents/projects/KasperkyTestTask/.git/objects/a4/3f4f0ffc08c1155d5fdbaafdf4c02ad9c264d4 hash: f6d1b3af428448a494340969ba111fb1 verdict: clean
File: /home/ilyaytrewq/Documents/projects/KasperkyTestTask/.git/objects/08/441905cdecbee1d451a868795426b43b515c0d hash: dc05923a2e5b7959645cd298938715db verdict: clean
File: /home/ilyaytrewq/Documents/projects/KasperkyTestTask/.git/objects/06/397870a50731d2dee6f30e7a43c9ed32a36086 hash: 0ee68a1ddb0a42dfc06e86728b5532d5 verdict: clean
File: /home/ilyaytrewq/Documents/projects/KasperkyTestTask/.git/objects/06/5fa38206c9deb6254442ab9ac2576b339e6c63 hash: df4b63c4723ab1b6990cd8b4a0cdae08 verdict: clean
File: /home/ilyaytrewq/Documents/projects/KasperkyTestTask/.git/objects/41/226cdb3fedb6d4805e4bafce250d50ff77171b hash: be4a4ed5580cf82b5fc5a3dc3fd9f0cb verdict: clean
File: /home/ilyaytrewq/Documents/projects/KasperkyTestTask/.git/objects/41/9e0866a014f3ca8872d2f43830fff0f42d4ce9 hash: d83645004b94b237a24a9fb7117a19cb verdict: clean
File: /home/ilyaytrewq/Documents/projects/KasperkyTestTask/.git/objects/53/a8dde37e0e56a428981f39974ea8eb1329251b hash: 362a714125dcc06fe75be0e59d2a3262 verdict: clean
File: /home/ilyaytrewq/Documents/projects/KasperkyTestTask/.git/objects/24/f8b829c15ed1f52eae3e27b2efc7036b9e5197 hash: a87281fe13e73933b71851030011d873 verdict: clean
File: /home/ilyaytrewq/Documents/projects/KasperkyTestTask/.git/objects/1c/e788f968123597f808ddf76f384fe6fd6edced hash: 83c0e526771e95a0743aa1b5dc294dcb verdict: clean
File: /home/ilyaytrewq/Documents/projects/KasperkyTestTask/.git/objects/ff/c4295a4924b45ff1357767c9ffb2d3de586fee hash: 81e6e18e3abe9e74fb7e5b05f5e3b163 verdict: clean
File: /home/ilyaytrewq/Documents/projects/KasperkyTestTask/.git/objects/a9/e487ce0a020c758527797a7b2fd878b4c2fb74 hash: f213ac87a2e390cf8314cc1aa5d6240b verdict: clean
File: /home/ilyaytrewq/Documents/projects/KasperkyTestTask/.git/objects/ee/f27011e49fb209dca007ad38463fda12d2e5ff hash: 5174b24694d11cf860cffac716edddf0 verdict: clean
File: /home/ilyaytrewq/Documents/projects/KasperkyTestTask/.git/objects/13/60b996880b79bfcac376b048d7763bad098f71 hash: 65d166afaf5752eec9ea944451186d51 verdict: clean
File: /home/ilyaytrewq/Documents/projects/KasperkyTestTask/.git/objects/0b/44d611a6f9aac264a78fa3015607bba4021996 hash: 4d6663ea444117f248c6da470bad96d7 verdict: clean
File: /home/ilyaytrewq/Documents/projects/KasperkyTestTask/.git/objects/0b/53403a076f7fa48f7e4df4819fb1afde0c96d7 hash: 3009d4acbdb3fe9c2915f1bb70aa9fda verdict: clean
File: /home/ilyaytrewq/Documents/projects/KasperkyTestTask/.git/objects/07/11bc0811f35b56d617ee5352d7742c3e3469d6 hash: 78ee194a53e8d0d1dabc12e8de834cf2 verdict: clean
File: /home/ilyaytrewq/Documents/projects/KasperkyTestTask/.git/objects/55/21f6e2967006b30438086464aa740a34582334 hash: 74ca88038b07552a89530a7dcba23d60 verdict: clean
File: /home/ilyaytrewq/Documents/projects/KasperkyTestTask/.git/objects/c6/117d36f45d6f7c5fb7dab5f50743f4d5619855 hash: 398fe29ffc656d1ff7f8ef8e5fbcc138 verdict: clean
File: /home/ilyaytrewq/Documents/projects/KasperkyTestTask/.git/objects/90/af16f335f6d325f841d2fab13d7351fd6e3c3c hash: 153f97dce141ba79ae046c8bd386befd verdict: clean
File: /home/ilyaytrewq/Documents/projects/KasperkyTestTask/.git/objects/b2/8d2b03d1377f2b256a25d2c7e0ea221357edf3 hash: e28cdc5f1fecf04f00f799f36c20e502 verdict: clean
File: /home/ilyaytrewq/Documents/projects/KasperkyTestTask/.git/objects/b2/acfb49cca57bc731b79168a3f8ff5154b712a0 hash: 3b1dd7592e4b8b4ed757535a4f824aa0 verdict: clean
File: /home/ilyaytrewq/Documents/projects/KasperkyTestTask/.git/objects/be/a5e8fe4fc0c9e83226d7590dc0501f7da403f0 hash: 7a900469b0d8c9de6fa5bc06cad7dd58 verdict: clean
File: /home/ilyaytrewq/Documents/projects/KasperkyTestTask/.git/objects/fa/d21df2c387db8202b0affab874b256ca84ee50 hash: eef7c84559f5d3b71b78c9c5c227827c verdict: clean
File: /home/ilyaytrewq/Documents/projects/KasperkyTestTask/.git/objects/5e/3b4d8a8c65ce6f574204a692d2a2d429557854 hash: 943850ff665c09ac1131b5669483c13e verdict: clean
File: /home/ilyaytrewq/Documents/projects/KasperkyTestTask/.git/objects/96/633594275672eaa136c37906ed839d2c0e4b6e hash: 4718174a10f2449ed86e2e52e4b3e305 verdict: clean
File: /home/ilyaytrewq/Documents/projects/KasperkyTestTask/.git/objects/b8/25f6441264e21afa17a015425d06456969cefd hash: f655f1d7413029e0a92f53d170f5de76 verdict: clean
File: /home/ilyaytrewq/Documents/projects/KasperkyTestTask/.git/objects/30/cd90a823f01366478a080c1a9802188c539af3 hash: ed7178fda8b2d27e56f75b18b5f6b44c verdict: clean
File: /home/ilyaytrewq/Documents/projects/KasperkyTestTask/.git/objects/fd/a7c5dd54a56207b9c5d034b8eb359a2c55649b hash: 26ba515c997446a09677c810c6918ee9 verdict: clean
File: /home/ilyaytrewq/Documents/projects/KasperkyTestTask/.git/objects/de/18a3378c2331f6a5514c984f985c41ab9d727e hash: db3b43c44a6eeac742fb7ddaa97da451 verdict: clean
File: /home/ilyaytrewq/Documents/projects/KasperkyTestTask/.git/objects/cd/c2e5bf53eb893d1b1911a74f10f8597463f976 hash: 318ab6d3c145b0ff9bd134263930128d verdict: clean
File: /home/ilyaytrewq/Documents/projects/KasperkyTestTask/.git/objects/36/eb80470a454762c834550014d8dc776d3ff20b hash: 3328c9dc94ca18dbd4f2487aed20c3da verdict: clean
File: /home/ilyaytrewq/Documents/projects/KasperkyTestTask/.git/objects/a3/3f8d322f23136fd0ad8efbfe01d4ea986eba3c hash: 913dc423b040709237e442249ca84441 verdict: clean
File: /home/ilyaytrewq/Documents/projects/KasperkyTestTask/.git/objects/11/ad710ef5c1b5c9809f5d60339348ab6c40ea1a hash: e3f99f3affa7296b57a8e77cb348f454 verdict: clean
File: /home/ilyaytrewq/Documents/projects/KasperkyTestTask/.git/objects/59/0d376da318b783877d9acdef9192a54e0ebe43 hash: aa8320c1d69a80763d8be9e1e67f6a93 verdict: clean
File: /home/ilyaytrewq/Documents/projects/KasperkyTestTask/.git/objects/cc/a77d551ffc771cef5cf7f533b8159ba2fbe4f0 hash: eea2a4ce7fcdee1f623dafbc6751310b verdict: clean
File: /home/ilyaytrewq/Documents/projects/KasperkyTestTask/.git/objects/38/aa16aab7a46edb30a5eeff92dd8aebd5db9819 hash: a8b190c466e067512d28818c308afbc9 verdict: clean
File: /home/ilyaytrewq/Documents/projects/KasperkyTestTask/.git/objects/f8/7dea6a1e49dc6c3cd5ea3a29781cf646ec6ed5 hash: eb5901f9f0b17327b88f12e61082a6f6 verdict: clean
File: /home/ilyaytrewq/Documents/projects/KasperkyTestTask/.git/objects/76/e15dd152832e26410dd1a66eb7e5a00565ee7c hash: 1d3e4ae947865cb2d9845c8569c8c108 verdict: clean
File: /home/ilyaytrewq/Documents/projects/KasperkyTestTask/.git/objects/ef/00fc657d9dd638da085bc98b720e9ab811a214 hash: 40cf8efac83d1659271769f5a7d29619 verdict: clean
File: /home/ilyaytrewq/Documents/projects/KasperkyTestTask/.git/objects/ef/14f4d876fc96f2d45d152aab287af6bc64e543 hash: a63e7d69394443d5f61d5bf8cfecc224 verdict: clean
File: /home/ilyaytrewq/Documents/projects/KasperkyTestTask/.git/objects/00/bf06ee8180892d5c776b7d9b1c630d8f8b8a02 hash: ad5fcd8da9aaeddb3e882590ec2a6c76 verdict: clean
File: /home/ilyaytrewq/Documents/projects/KasperkyTestTask/.git/objects/c4/86aa978da4858a35f7aa8e443c95c6efb44f2a hash: 43efa8f70ec5160fb89ffc8ccdf98b4f verdict: clean
File: /home/ilyaytrewq/Documents/projects/KasperkyTestTask/.git/objects/c4/1e0ffb0959d717a7ff85ea66838d2003066394 hash: 08e55261afed0dbab83d2dc9df9383e5 verdict: clean
File: /home/ilyaytrewq/Documents/projects/KasperkyTestTask/.git/objects/f2/5bb516c5289775e32d2c5d6a38eac633d5743e hash: 94f845443d0b22a39ca10e89b565471d verdict: clean
File: /home/ilyaytrewq/Documents/projects/KasperkyTestTask/.git/objects/c3/edad835da73186173f110f2a19a7f119e332c1 hash: d7ca7c2564ebb8cda72571a285421850 verdict: clean
File: /home/ilyaytrewq/Documents/projects/KasperkyTestTask/.git/objects/d0/e0dfa05fb2d81a4dd2e56eb62c9e3a676542de hash: 4cada08b1198760f092a7ec9a3a02afa verdict: clean
File: /home/ilyaytrewq/Documents/projects/KasperkyTestTask/.git/objects/c9/afd7fdc9cc6cd016dc831cc07e71bf7a2cb7be hash: 7627366c38bae172fa5b54ce407e1549 verdict: clean
File: /home/ilyaytrewq/Documents/projects/KasperkyTestTask/.git/objects/c9/083b3c06f2323bb8ab2ca8d6856c01aeba985e hash: a83d4091a626109a23e9f87ce46bbef7 verdict: clean
File: /home/ilyaytrewq/Documents/projects/KasperkyTestTask/.git/objects/79/c3b96d1c7faebd18eef399600e93a808783114 hash: c0387c14d37c34622580d11331fbe137 verdict: clean
File: /home/ilyaytrewq/Documents/projects/KasperkyTestTask/.git/objects/6b/c17936378040fadcce15260e7d635e431a6cbc hash: c61fd699d7e71d2562f926dae0a3a802 verdict: clean
File: /home/ilyaytrewq/Documents/projects/KasperkyTestTask/.git/objects/3b/8faf79134fc38de6d188cc0d89b8fe97c88c3f hash: b82ce66152c53461d2dcf533414b8fff verdict: clean
File: /home/ilyaytrewq/Documents/projects/KasperkyTestTask/.git/objects/2b/a3fcdf2589284bcaffac072b01778c1ab5e4d9 hash: e10fcf50c595818b1272e7d7a242f63a verdict: clean
File: /home/ilyaytrewq/Documents/projects/KasperkyTestTask/.git/objects/14/f9be598ec571b515bb54add00496cb356d93cb hash: d1f3042707f820af1ebc48941886d6ca verdict: clean
File: /home/ilyaytrewq/Documents/projects/KasperkyTestTask/.git/objects/92/5518eafdd32616cc7330b6b1f4d51a0634e338 hash: 374a461e827a0880c3d60f5a5b83835b verdict: clean
File: /home/ilyaytrewq/Documents/projects/KasperkyTestTask/.git/objects/92/7c236c95096fc4824913837fb37b9d740998f9 hash: b2fca6ebdd33f4fdab08228dcd5a6ff7 verdict: clean
File: /home/ilyaytrewq/Documents/projects/KasperkyTestTask/.git/objects/92/7f57d4fcfc90cd05b89b6c1d79140173516076 hash: ebbeabaa4ad640fe001027aea9157647 verdict: clean
File: /home/ilyaytrewq/Documents/projects/KasperkyTestTask/.git/objects/5d/2f538a5df870f7fb77c42952378503f9ca06fe hash: 4484c61ab811bbd6efb51fefdc8dce7b verdict: clean
File: /home/ilyaytrewq/Documents/projects/KasperkyTestTask/.git/objects/ea/4e99728ca90563d0333dc38429dfe8b00365ef hash: 0babb632bde8931229386414218f388b verdict: clean
File: /home/ilyaytrewq/Documents/projects/KasperkyTestTask/.git/objects/6e/0e97fd0bd7e2d6834f064028c30a9118079726 hash: 5661634659363ebeb27aa8fa8bd66640 verdict: clean
File: /home/ilyaytrewq/Documents/projects/KasperkyTestTask/.git/objects/c5/c1e9968ecae7aab31941474cb21dbadf1febce hash: c645554416b7bb95e8255a5e45d5c312 verdict: clean
File: /home/ilyaytrewq/Documents/projects/KasperkyTestTask/.git/objects/9a/d6f3061278be1859724815e7e8d9ff96f00181 hash: 23dea0ca3edf59ebc10f3549d4f0530d verdict: clean
File: /home/ilyaytrewq/Documents/projects/KasperkyTestTask/.git/objects/9a/e325b2de9bcb127f31a7256db02ff14c0ac504 hash: a91b695b4ee78cb17b1fc622f3fe5cd5 verdict: clean
File: /home/ilyaytrewq/Documents/projects/KasperkyTestTask/.git/objects/9a/04f2bb97d401c706bebd0e84faf1cfd6cf3030 hash: 27072dacdee0cd0becf881e1d4af771b verdict: clean
File: /home/ilyaytrewq/Documents/projects/KasperkyTestTask/.git/objects/9a/bb766ceed183f85dcbdf082a4b1b6c34936e0e hash: 040db7cc0435b80487c95c3a60482fda verdict: clean
File: /home/ilyaytrewq/Documents/projects/KasperkyTestTask/.git/objects/82/299f9726a05516b765c619b96dfa7bdfe1cb16 hash: 8dbc0c498d1f7503bcc56e656c28e9ad verdict: clean
File: /home/ilyaytrewq/Documents/projects/KasperkyTestTask/.git/objects/f4/cc412bec08addbe32a17233a3ab8fc6250ea6f hash: 0f608b70f30c66d5eb033061c35eff51 verdict: clean
File: /home/ilyaytrewq/Documents/projects/KasperkyTestTask/.git/objects/81/4f6cbccd987a355bd5dad84a012deb20d64943 hash: a116bb067fd816d5134d28c86a3746c2 verdict: clean
File: /home/ilyaytrewq/Documents/projects/KasperkyTestTask/.git/objects/bf/3dcac7425d4f71c8756e5f35bb4fc1ea8310f6 hash: 6ce4619b5159f8c3e5b86cd8110cf307 verdict: clean
File: /home/ilyaytrewq/Documents/projects/KasperkyTestTask/.git/objects/34/871d0f309013f38e0218e117ce1c8344008d9f hash: af6ee949ec5ed8cf0e8f8f922997a662 verdict: clean
File: /home/ilyaytrewq/Documents/projects/KasperkyTestTask/.git/objects/f1/ae3e696aa14a9418adb321b26283dee62029d8 hash: 0a18f03ec59eb352ba3c303b4b668893 verdict: clean
File: /home/ilyaytrewq/Documents/projects/KasperkyTestTask/.git/objects/50/1c6754502f566acf7df6bda17307c886ec4d3b hash: 77db0d6bc426ab4335e76543b79a06dd verdict: clean
File: /home/ilyaytrewq/Documents/projects/KasperkyTestTask/.git/objects/df/816af057dc3703228feea602f0bb798857a8f5 hash: 977f899e4f83d74499057a26353a5e1c verdict: clean
File: /home/ilyaytrewq/Documents/projects/KasperkyTestTask/.git/objects/e0/4d444c599b5c6c1de29e55d94c355d2d35c40d hash: 6e064f4da57bc1e5962ba63417b70540 verdict: clean
File: /home/ilyaytrewq/Documents/projects/KasperkyTestTask/.git/objects/97/b55129d3fcbfd060dbb280009fa750525bd787 hash: 4074a78f128e9bf9fa226059eecc93b7 verdict: clean
File: /home/ilyaytrewq/Documents/projects/KasperkyTestTask/.git/objects/22/d0f1802286a5712babe6646c261f4c12c0f079 hash: 2f6826daee6514d4d18d535705fb5405 verdict: clean
File: /home/ilyaytrewq/Documents/projects/KasperkyTestTask/.git/objects/f5/1a204c09a9be642539e494ba884fb15470cac3 hash: f1e0ff56f041ccf1498d80165b4370cd verdict: clean
File: /home/ilyaytrewq/Documents/projects/KasperkyTestTask/.git/objects/69/88c9740e163090c5afd12cff07b849c403dd10 hash: a683b72d5e3ea9d7a3df361d609e65c1 verdict: clean
File: /home/ilyaytrewq/Documents/projects/KasperkyTestTask/.git/objects/db/cda8d4e5c9e0cceac0518309fc0c15f6119d4f hash: 113b8bd040a477d06e6e77a946803166 verdict: clean
File: /home/ilyaytrewq/Documents/projects/KasperkyTestTask/.git/objects/20/194fb3526ede7d3aa0a26e3e854aac7a9175dd hash: 861832173efa8277cb0b1a38990928f8 verdict: clean
File: /home/ilyaytrewq/Documents/projects/KasperkyTestTask/.git/objects/32/e13527ce7df471a16874094382daf38ca11fdd hash: 067e67ff4a44752869081004450fe474 verdict: clean
File: /home/ilyaytrewq/Documents/projects/KasperkyTestTask/.git/objects/32/e2b291165efc57b771822cf2b4b69043e61450 hash: c1803bc46ea740a401e03389955f3833 verdict: clean
File: /home/ilyaytrewq/Documents/projects/KasperkyTestTask/.git/objects/d3/f35563dc61097ede70a0ea8795ffc04d27bdeb hash: ee57097bf69c0c21c503efb0a4415568 verdict: clean
File: /home/ilyaytrewq/Documents/projects/KasperkyTestTask/.git/objects/d3/01cd301ae666b9fee7fa88b27cebc1ac9c7c7c hash: f49510bb70dd4c09a9f76a4f35406718 verdict: clean
File: /home/ilyaytrewq/Documents/projects/KasperkyTestTask/.git/objects/e9/f224a33ffec0c9045f0b75ba79556af15806d2 hash: c08c05061b9b19bc5439e1f48e8e55f1 verdict: clean
File: /home/ilyaytrewq/Documents/projects/KasperkyTestTask/.git/objects/0a/5bd06092b8c17236500a1d6dee01d52fe7f1f9 hash: 86ade1ca9d55e81c56823f073fae9e65 verdict: clean
File: /home/ilyaytrewq/Documents/projects/KasperkyTestTask/.git/objects/fb/b66d1cd92301b68de7084f577fc85511d3a5ef hash: 003d90ddae0a09cb30b2229324025d31 verdict: clean
File: /home/ilyaytrewq/Documents/projects/KasperkyTestTask/.git/objects/56/2b3fc2f7834cbbdb4f876ba517f373d76cd453 hash: 098d36d380be76553d25964c4ace9696 verdict: clean
File: /home/ilyaytrewq/Documents/projects/KasperkyTestTask/.git/objects/56/4e6514cffb9f0a09a5aab2d18cb1395cf9a475 hash: cd85d9bc5f58cdedcdf24354af052530 verdict: clean
File: /home/ilyaytrewq/Documents/projects/KasperkyTestTask/.git/objects/eb/ab7f2b72b76bdf68de0925cb7147d8bf602a3e hash: 42770260ef49332e820be44d2007a5f2 verdict: clean
File: /home/ilyaytrewq/Documents/projects/KasperkyTestTask/.git/objects/9f/8a3e99765774e795dd63f6a9955dca8c9f92e8 hash: 6971593b9a24900c6b9882571fa4884b verdict: clean
File: /home/ilyaytrewq/Documents/projects/KasperkyTestTask/.git/objects/8c/5ce6d3568bef0c5da8f3a62ea77245a7d848e3 hash: 6a6b9d1ef98d1e5bcfda16b82918d6c5 verdict: clean
File: /home/ilyaytrewq/Documents/projects/KasperkyTestTask/.git/objects/0c/320559bfac33fcbc240f72da35ae6b4dba89a8 hash: 4a9e556a3246c85b2e91b8cf00492130 verdict: clean
File: /home/ilyaytrewq/Documents/projects/KasperkyTestTask/.git/objects/pack/pack-9c54a0b41d160efaeee7d17a631affb4a483b00b.rev hash: f1f1c71007378c02af40c6c36e074444 verdict: clean
File: /home/ilyaytrewq/Documents/projects/KasperkyTestTask/.git/objects/pack/pack-9c54a0b41d160efaeee7d17a631affb4a483b00b.pack hash: 71324adb640923fe73b51ab281ee305d verdict: clean
File: /home/ilyaytrewq/Documents/projects/KasperkyTestTask/.git/objects/pack/pack-9c54a0b41d160efaeee7d17a631affb4a483b00b.idx hash: 56275159889d0d0b10564c322c7d6dd6 verdict: clean
File: /home/ilyaytrewq/Documents/projects/KasperkyTestTask/.git/objects/45/7be8509a6e7a1d5a7ce54852f09b3d8d3d631d hash: 5e8938f9827f38dbd35c0034ee804fac verdict: clean
File: /home/ilyaytrewq/Documents/projects/KasperkyTestTask/.git/objects/d4/6089ae86e429743cb7b12b7e412c08c8fc953c hash: 511c5ed998a15f47f8c353aef8c7f26a verdict: clean
File: /home/ilyaytrewq/Documents/projects/KasperkyTestTask/.git/objects/42/8397fc685f4453b6732ba87d9cab16c82b5c42 hash: db359223ad713c2121dfa9f865ca88d9 verdict: clean
File: /home/ilyaytrewq/Documents/projects/KasperkyTestTask/.git/refs/heads/master hash: b4bf2f64fb290f1ed5cc3b3d00896225 verdict: clean
File: /home/ilyaytrewq/Documents/projects/KasperkyTestTask/.git/refs/remotes/origin/master hash: b4bf2f64fb290f1ed5cc3b3d00896225 verdict: clean
File: /home/ilyaytrewq/Documents/projects/KasperkyTestTask/.git/refs/remotes/origin/HEAD hash: 73a00957034783b7b5c8294c54cd3e12 verdict: clean
File: /home/ilyaytrewq/Documents/projects/KasperkyTestTask/.git/packed-refs hash: 58ed10b2b4e46dce976540b4ae69d12d verdict: clean
File: /home/ilyaytrewq/Documents/projects/KasperkyTestTask/.git/info/exclude hash: 036208b4a1ab4a235d75c181e685e5a3 verdict: clean
File: /home/ilyaytrewq/Documents/projects/KasperkyTestTask/CMakeLists.txt hash: 4294eefbdf87e00e052c38fe777d0490 verdict: infected(CMakeVirus)
File: /home/ilyaytrewq/Documents/projects/KasperkyTestTask/report.log hash: f513f322642b6d4df246bc3fcb34bd67 verdict: clean
File: /home/ilyaytrewq/Documents/projects/KasperkyTestTask/README.md hash: a28b895268554ca4f401e6e9c0ff028e verdict: clean
File: /home/ilyaytrewq/Documents/projects/KasperkyTestTask/scanner.cpp hash: 68a14dc3f074659162f0a422abcdefa6 verdict: clean
File: /home/ilyaytrewq/Documents/projects/KasperkyTestTask/.gitignore hash: f1cd0da3dc6b121808e953de67fe2d2c verdict: clean
File: /home/ilyaytrewq/Documents/projects/KasperkyTestTask/base.csv hash: d2571a77533b992c55732c89fcc42fd3 verdict: clean
File: /home/ilyaytrewq/Documents/projects/KasperkyTestTask/include/VirusScanner.hpp hash: c326862dd680ff2f39d5332ac7557afc verdict: clean
File: /home/ilyaytrewq/Documents/projects/KasperkyTestTask/include/TimeGuard.hpp hash: cb6a15ff620faf00d349d5d5d6b51efc verdict: clean

